<?xml version="1.0" encoding="UTF-8"?>
<testsuite name="CalculadoraTest" tests="1" skipped="0" failures="0" errors="0" timestamp="2022-03-04T01:03:44" hostname="DESKTOP-7KL5M7S" time="0.038">
  <properties/>
  <testcase name="Should sum three numbers and return your sum" classname="CalculadoraTest" time="0.038"/>
  <system-out><![CDATA[]]></system-out>
  <system-err><![CDATA[]]></system-err>
</testsuite>
